*** Using Compiler 'V5.06 update 6 (build 750)', folder: 'C:\Program Files\Keil\ARM\ARMCC\Bin'
Build target 'FMU'
compiling syscall.c...
compiling freertos.c...
compiling ff_gen_drv.c...
compiling sd_diskio.c...
compiling cc936.c...
compiling diskio.c...
compiling fatfs.c...
compiling stm32h7xx_it.c...
compiling ff.c...
compiling stm32h7xx_hal_msp.c...
compiling main.c...
../Program/Inc/airspeed.h(12): warning:  #1-D: last line of file ends without a newline
  #endif
../Core/Src/main.c(301): warning:  #181-D: argument is incompatible with corresponding format string conversion
  			printf("pre:%f  tem:%f v:%f\r\n",diff_press_pa,temperature_c,0);
../Core/Src/main.c(306): warning:  #111-D: statement is unreachable
  		HAL_GPIO_TogglePin(SIGNAL_GPIO_Port,SIGNAL_Pin);
../Core/Src/main.c(244): warning:  #177-D: variable "tran"  was declared but never referenced
  		static uint8_t res[3],i,tran[2];
../Core/Src/main.c: 4 warnings, 0 errors
compiling teleport.c...
..\Program\Src\teleport.c(21): warning:  #167-D: argument of type "char *" is incompatible with parameter of type "const uint8_t *"
  		HAL_UART_Transmit_DMA(TeleHandle,info,strlen(info));
..\Program\Src\teleport.c: 1 warning, 0 errors
compiling navigation.c...
..\Program\Src\navigation.c(15): warning:  #550-D: variable "a_n"  was set but never used
  	static double a_n=0,a_e=0,a_u=0;
..\Program\Src\navigation.c(15): warning:  #550-D: variable "a_e"  was set but never used
  	static double a_n=0,a_e=0,a_u=0;
..\Program\Src\navigation.c(15): warning:  #550-D: variable "a_u"  was set but never used
  	static double a_n=0,a_e=0,a_u=0;
..\Program\Src\navigation.c(16): warning:  #177-D: variable "v_n"  was declared but never referenced
  	static double v_n=0,v_e=0,v_u=0;
..\Program\Src\navigation.c(16): warning:  #177-D: variable "v_e"  was declared but never referenced
  	static double v_n=0,v_e=0,v_u=0;
..\Program\Src\navigation.c(16): warning:  #177-D: variable "v_u"  was declared but never referenced
  	static double v_n=0,v_e=0,v_u=0;
..\Program\Src\navigation.c(17): warning:  #177-D: variable "p_n"  was declared but never referenced
  	static double p_n=0,p_e=0,p_u=0;
..\Program\Src\navigation.c(17): warning:  #177-D: variable "p_e"  was declared but never referenced
  	static double p_n=0,p_e=0,p_u=0;
..\Program\Src\navigation.c(17): warning:  #177-D: variable "p_u"  was declared but never referenced
  	static double p_n=0,p_e=0,p_u=0;
..\Program\Src\navigation.c: 9 warnings, 0 errors
compiling tf.c...
compiling delay.c...
compiling control.c...
compiling ms5525.c...
compiling gnss.c...
..\Program\Src\gnss.c(65): warning:  #550-D: variable "angle"  was set but never used
  	double angle,velocity;
..\Program\Src\gnss.c: 1 warning, 0 errors
compiling printf.c...
compiling taskinit.c...
..\Program\Src\taskinit.c(306): warning:  #167-D: argument of type "uint8_t *" is incompatible with parameter of type "char *__restrict__"
  				sprintf(ControlMode,"Manual");
..\Program\Src\taskinit.c(309): warning:  #167-D: argument of type "uint8_t *" is incompatible with parameter of type "char *__restrict__"
  				sprintf(ControlMode,"Stable");
..\Program\Src\taskinit.c(312): warning:  #167-D: argument of type "uint8_t *" is incompatible with parameter of type "char *__restrict__"
  				sprintf(ControlMode,"Height");
..\Program\Src\taskinit.c(315): warning:  #167-D: argument of type "uint8_t *" is incompatible with parameter of type "char *__restrict__"
  		sprintf(SendBuff,"%s  p:%0.2f  r:%0.2f  y:%0.2f  h:%0.2f  lat:%0.8f  lon:%0.8f  s:%0.2f  v:%0.2f\r\n",ControlMode,IMUData.pitch,IMUData.roll,IMUData.yaw,GNSSData.alt,GNSSData.lat,GNSSData.lon,GNSSData.velocity,voltage);
..\Program\Src\taskinit.c(316): warning:  #167-D: argument of type "uint8_t *" is incompatible with parameter of type "char *"
  		InfoPrint(PrintChannel,SendBuff);
..\Program\Src\taskinit.c(289): warning:  #550-D: variable "current"  was set but never used
  	double voltage,current;
..\Program\Src\taskinit.c: 6 warnings, 0 errors
compiling receiver.c...
compiling imu.c...
linking...
Program Size: Code=77372 RO-data=176832 RW-data=560 ZI-data=37072  
FromELF: creating hex file...
"FMU\FMU.axf" - 0 Error(s), 21 Warning(s).
Build Time Elapsed:  00:01:58
