*** Using Compiler 'V5.06 update 6 (build 750)', folder: 'D:\ProgramFile\Keil5\ARM\ARMCC\Bin'
Build target 'Target 1'
compiling command.c...
..\Solution\command\command.c(28): warning:  #167-D: argument of type "uint8_t *" is incompatible with parameter of type "const char *"
    if(strcmp(buffer,"BMI_START") == 0) {Command_State = BMI_START;Sample_Start();}
..\Solution\command\command.c(29): warning:  #167-D: argument of type "uint8_t *" is incompatible with parameter of type "const char *"
    else if(strcmp(buffer,"BMI_STOP") == 0) {Command_State = BMI_STOP;Sample_Stop();}
..\Solution\command\command.c(30): warning:  #167-D: argument of type "uint8_t *" is incompatible with parameter of type "const char *"
    else if(strcmp(buffer,"W25Q_DataConsult") == 0) W25Q_DataConsult();
..\Solution\command\command.c(31): warning:  #167-D: argument of type "uint8_t *" is incompatible with parameter of type "const char *"
    else if(strcmp(buffer,"W25Q_DataClear") == 0) W25Q_DataClear();
..\Solution\command\command.c(32): warning:  #167-D: argument of type "uint8_t *" is incompatible with parameter of type "const char *"
    else if(strcmp(buffer,"W25Q_ChipErase") == 0) {LED_EN;W25Q_ChipErase();LED_DIS;}
..\Solution\command\command.c(33): warning:  #167-D: argument of type "uint8_t *" is incompatible with parameter of type "const char *"
    else if(strcmp(buffer,"AttitudeSolution_TEST") == 0) {Command_State = AttitudeSolution_TEST;AttitudeSolution_Ttst();}
..\Solution\command\command.c(34): warning:  #167-D: argument of type "uint8_t *" is incompatible with parameter of type "const char *"
    else if(strcmp(buffer,"Sample_STOP") == 0) Sample_Stop();
..\Solution\command\command.c(35): warning:  #167-D: argument of type "uint8_t *" is incompatible with parameter of type "const char *"
    else if(strcmp(buffer,"AccelerationSolution_TEST") == 0) {Command_State = AccelerationSolution_TEST;AccelerationSolution_Test();}
..\Solution\command\command.c(36): warning:  #167-D: argument of type "uint8_t *" is incompatible with parameter of type "const char *"
    else if(strcmp(buffer,"VelocitySolution_TEST") == 0) {Command_State = VelocitySolution_TEST;VelocitySolution_Test();}
..\Solution\command\command.c(37): warning:  #167-D: argument of type "uint8_t *" is incompatible with parameter of type "const char *"
    else if(strcmp(buffer,"PositionSolution_TEST") == 0) {Command_State = PositionSolution_TEST;PositionSolution_Test();}
..\Solution\command\command.c(38): warning:  #167-D: argument of type "uint8_t *" is incompatible with parameter of type "const char *"
    else if(strcmp(buffer,"MotionOffset_INIT") == 0) MotionOffset_Init();
..\Solution\command\command.c(39): warning:  #167-D: argument of type "uint8_t *" is incompatible with parameter of type "const char *"
    else if(strcmp(buffer,"MotionOffset_DEINIT") == 0) MotionOffset_DeInit();
..\Solution\command\command.c(40): warning:  #167-D: argument of type "uint8_t *" is incompatible with parameter of type "const char *"
    else if(strcmp(buffer,"DataStorage") == 0) {Command_State = DATASTORAGE;DataStorage_Init();}
..\Solution\command\command.c(41): warning:  #167-D: argument of type "uint8_t *" is incompatible with parameter of type "const char *"
    else if(strcmp(buffer,"DataRead") == 0) {Command_State = DATAREAD;DataRead(0x10000);}
..\Solution\command\command.c(147): warning:  #513-D: a value of type "uint8_t *" cannot be assigned to an entity of type "uint32_t *"
    addr = W25Q_buffer;
..\Solution\command\command.c(171): warning:  #513-D: a value of type "uint8_t *" cannot be assigned to an entity of type "uint32_t *"
      res = W25Q_buffer;
..\Solution\command\command.c(227): warning:  #513-D: a value of type "uint8_t *" cannot be assigned to an entity of type "uint32_t *"
      number = W25Q_buffer;
..\Solution\command\command.c(232): warning:  #513-D: a value of type "uint8_t *" cannot be assigned to an entity of type "double *"
        tran = W25Q_buffer;
..\Solution\command\command.c(220): warning:  #177-D: variable "data"  was declared but never referenced
    double *tran,data[16];
..\Solution\command\command.c(317): warning:  #144-D: a value of type "double *" cannot be used to initialize an entity of type "uint8_t *"
    uint8_t *tran = data;
..\Solution\command\command.c(334): warning:  #513-D: a value of type "double *" cannot be assigned to an entity of type "uint8_t *"
    tran = data;
..\Solution\command\command.c(357): warning:  #513-D: a value of type "double *" cannot be assigned to an entity of type "uint8_t *"
    tran = data;
..\Solution\command\command.c(438): warning:  #513-D: a value of type "uint8_t *" cannot be assigned to an entity of type "double *"
    tran = W25Q_buffer;
..\Solution\command\command.c: 23 warnings, 0 errors
linking...
Program Size: Code=47672 RO-data=1740 RW-data=168 ZI-data=6984  
FromELF: creating hex file...
".\Objects\FMU.axf" - 0 Error(s), 23 Warning(s).
